2025-05-20 19:49:18,801:WARNING:
'cuml' is a soft dependency and not included in the pycaret installation. Please run: `pip install cuml` to install.
2025-05-20 19:49:18,801:WARNING:
'cuml' is a soft dependency and not included in the pycaret installation. Please run: `pip install cuml` to install.
2025-05-20 19:49:18,801:WARNING:
'cuml' is a soft dependency and not included in the pycaret installation. Please run: `pip install cuml` to install.
2025-05-20 19:49:18,801:WARNING:
'cuml' is a soft dependency and not included in the pycaret installation. Please run: `pip install cuml` to install.
2025-05-20 19:49:31,299:INFO:PyCaret ClusteringExperiment
2025-05-20 19:49:31,299:INFO:Logging name: cluster-default-name
2025-05-20 19:49:31,301:INFO:ML Usecase: MLUsecase.CLUSTERING
2025-05-20 19:49:31,301:INFO:version 3.3.2
2025-05-20 19:49:31,301:INFO:Initializing setup()
2025-05-20 19:49:31,301:INFO:self.USI: 20ab
2025-05-20 19:49:31,301:INFO:self._variable_keys: {'n_jobs_param', 'X', 'idx', 'pipeline', 'memory', 'exp_name_log', '_available_plots', 'USI', 'logging_param', 'seed', 'gpu_param', 'exp_id', 'html_param', '_ml_usecase', 'log_plots_param', 'gpu_n_jobs_param', 'data'}
2025-05-20 19:49:31,301:INFO:Checking environment
2025-05-20 19:49:31,301:INFO:python_version: 3.11.11
2025-05-20 19:49:31,301:INFO:python_build: ('main', 'Dec 11 2024 16:34:19')
2025-05-20 19:49:31,301:INFO:machine: AMD64
2025-05-20 19:49:31,301:INFO:platform: Windows-10-10.0.26100-SP0
2025-05-20 19:49:31,301:INFO:Memory: svmem(total=34029125632, available=18629324800, percent=45.3, used=15399800832, free=18629324800)
2025-05-20 19:49:31,301:INFO:Physical Core: 24
2025-05-20 19:49:31,301:INFO:Logical Core: 32
2025-05-20 19:49:31,301:INFO:Checking libraries
2025-05-20 19:49:31,301:INFO:System:
2025-05-20 19:49:31,301:INFO:    python: 3.11.11 | packaged by Anaconda, Inc. | (main, Dec 11 2024, 16:34:19) [MSC v.1929 64 bit (AMD64)]
2025-05-20 19:49:31,301:INFO:executable: c:\Users\pwtor\miniconda3\envs\od_zera_do_ai\python.exe
2025-05-20 19:49:31,301:INFO:   machine: Windows-10-10.0.26100-SP0
2025-05-20 19:49:31,301:INFO:PyCaret required dependencies:
2025-05-20 19:49:31,360:INFO:                 pip: 25.0
2025-05-20 19:49:31,360:INFO:          setuptools: 72.1.0
2025-05-20 19:49:31,360:INFO:             pycaret: 3.3.2
2025-05-20 19:49:31,360:INFO:             IPython: 8.30.0
2025-05-20 19:49:31,360:INFO:          ipywidgets: 7.8.5
2025-05-20 19:49:31,360:INFO:                tqdm: 4.67.1
2025-05-20 19:49:31,360:INFO:               numpy: 1.26.4
2025-05-20 19:49:31,360:INFO:              pandas: 1.5.3
2025-05-20 19:49:31,360:INFO:              jinja2: 3.1.5
2025-05-20 19:49:31,360:INFO:               scipy: 1.11.4
2025-05-20 19:49:31,360:INFO:              joblib: 1.2.0
2025-05-20 19:49:31,360:INFO:             sklearn: 1.4.2
2025-05-20 19:49:31,360:INFO:                pyod: 2.0.5
2025-05-20 19:49:31,360:INFO:            imblearn: 0.13.0
2025-05-20 19:49:31,360:INFO:   category_encoders: 2.6.3
2025-05-20 19:49:31,360:INFO:            lightgbm: 4.6.0
2025-05-20 19:49:31,360:INFO:               numba: 0.61.0
2025-05-20 19:49:31,360:INFO:            requests: 2.32.3
2025-05-20 19:49:31,360:INFO:          matplotlib: 3.10.0
2025-05-20 19:49:31,360:INFO:          scikitplot: 0.3.7
2025-05-20 19:49:31,360:INFO:         yellowbrick: 1.5
2025-05-20 19:49:31,360:INFO:              plotly: 5.24.1
2025-05-20 19:49:31,360:INFO:    plotly-resampler: Not installed
2025-05-20 19:49:31,360:INFO:             kaleido: 0.2.1
2025-05-20 19:49:31,360:INFO:           schemdraw: 0.15
2025-05-20 19:49:31,360:INFO:         statsmodels: 0.14.4
2025-05-20 19:49:31,360:INFO:              sktime: 0.26.0
2025-05-20 19:49:31,360:INFO:               tbats: 1.1.3
2025-05-20 19:49:31,360:INFO:            pmdarima: 2.0.4
2025-05-20 19:49:31,360:INFO:              psutil: 5.9.0
2025-05-20 19:49:31,360:INFO:          markupsafe: 3.0.2
2025-05-20 19:49:31,360:INFO:             pickle5: Not installed
2025-05-20 19:49:31,360:INFO:         cloudpickle: 3.0.0
2025-05-20 19:49:31,360:INFO:         deprecation: 2.1.0
2025-05-20 19:49:31,360:INFO:              xxhash: 3.5.0
2025-05-20 19:49:31,360:INFO:           wurlitzer: 3.1.1
2025-05-20 19:49:31,360:INFO:PyCaret optional dependencies:
2025-05-20 19:49:31,368:INFO:                shap: Not installed
2025-05-20 19:49:31,368:INFO:           interpret: Not installed
2025-05-20 19:49:31,368:INFO:                umap: Not installed
2025-05-20 19:49:31,368:INFO:     ydata_profiling: Not installed
2025-05-20 19:49:31,368:INFO:  explainerdashboard: Not installed
2025-05-20 19:49:31,368:INFO:             autoviz: Not installed
2025-05-20 19:49:31,368:INFO:           fairlearn: Not installed
2025-05-20 19:49:31,368:INFO:          deepchecks: Not installed
2025-05-20 19:49:31,368:INFO:             xgboost: Not installed
2025-05-20 19:49:31,368:INFO:            catboost: Not installed
2025-05-20 19:49:31,368:INFO:              kmodes: Not installed
2025-05-20 19:49:31,368:INFO:             mlxtend: Not installed
2025-05-20 19:49:31,368:INFO:       statsforecast: Not installed
2025-05-20 19:49:31,368:INFO:        tune_sklearn: Not installed
2025-05-20 19:49:31,368:INFO:                 ray: Not installed
2025-05-20 19:49:31,368:INFO:            hyperopt: Not installed
2025-05-20 19:49:31,368:INFO:              optuna: Not installed
2025-05-20 19:49:31,368:INFO:               skopt: Not installed
2025-05-20 19:49:31,368:INFO:              mlflow: Not installed
2025-05-20 19:49:31,368:INFO:              gradio: Not installed
2025-05-20 19:49:31,368:INFO:             fastapi: Not installed
2025-05-20 19:49:31,368:INFO:             uvicorn: Not installed
2025-05-20 19:49:31,368:INFO:              m2cgen: Not installed
2025-05-20 19:49:31,368:INFO:           evidently: Not installed
2025-05-20 19:49:31,368:INFO:               fugue: Not installed
2025-05-20 19:49:31,368:INFO:           streamlit: 1.45.1
2025-05-20 19:49:31,368:INFO:             prophet: Not installed
2025-05-20 19:49:31,368:INFO:None
2025-05-20 19:49:31,368:INFO:Set up data.
2025-05-20 19:49:31,372:INFO:Set up index.
2025-05-20 19:49:31,372:INFO:Assigning column types.
2025-05-20 19:49:31,373:INFO:Engine successfully changes for model 'kmeans' to 'sklearn'.
2025-05-20 19:49:31,374:INFO:Engine for model 'dbscan' has not been set explicitly, hence returning None.
2025-05-20 19:49:31,374:WARNING:
'kmodes' is a soft dependency and not included in the pycaret installation. Please run: `pip install kmodes` to install.
Alternately, you can install this by running `pip install pycaret[models]`
2025-05-20 19:49:31,374:INFO:Engine for model 'dbscan' has not been set explicitly, hence returning None.
2025-05-20 19:49:31,374:WARNING:
'kmodes' is a soft dependency and not included in the pycaret installation. Please run: `pip install kmodes` to install.
Alternately, you can install this by running `pip install pycaret[models]`
2025-05-20 19:49:31,374:INFO:Engine successfully changes for model 'dbscan' to 'sklearn'.
2025-05-20 19:49:31,374:WARNING:
'kmodes' is a soft dependency and not included in the pycaret installation. Please run: `pip install kmodes` to install.
Alternately, you can install this by running `pip install pycaret[models]`
2025-05-20 19:49:31,374:WARNING:
'kmodes' is a soft dependency and not included in the pycaret installation. Please run: `pip install kmodes` to install.
Alternately, you can install this by running `pip install pycaret[models]`
2025-05-20 19:49:31,375:INFO:Preparing preprocessing pipeline...
2025-05-20 19:49:31,375:INFO:Set up simple imputation.
2025-05-20 19:49:31,376:INFO:Set up encoding of ordinal features.
2025-05-20 19:49:31,377:INFO:Set up encoding of categorical features.
2025-05-20 19:49:31,443:INFO:Finished creating preprocessing pipeline.
2025-05-20 19:49:31,456:INFO:Pipeline: Pipeline(memory=FastMemory(location=C:\Users\pwtor\AppData\Local\Temp\joblib),
         steps=[('numerical_imputer',
                 TransformerWrapper(include=[], transformer=SimpleImputer())),
                ('categorical_imputer',
                 TransformerWrapper(include=['age', 'edu_level', 'fav_animals',
                                             'fav_place', 'gender'],
                                    transformer=SimpleImputer(strategy='most_frequent'))),
                ('ordinal_encoding',
                 Trans...
                                    transformer=OrdinalEncoder(cols=['gender'],
                                                               handle_missing='return_nan',
                                                               mapping=[{'col': 'gender',
                                                                         'data_type': dtype('O'),
                                                                         'mapping': Kobieta      0
MÄ™Å¼czyzna    1
NaN         -1
dtype: int64}]))),
                ('onehot_encoding',
                 TransformerWrapper(include=['age', 'edu_level', 'fav_animals',
                                             'fav_place'],
                                    transformer=OneHotEncoder(cols=['age',
                                                                    'edu_level',
                                                                    'fav_animals',
                                                                    'fav_place'],
                                                              handle_missing='return_nan',
                                                              use_cat_names=True)))])
2025-05-20 19:49:31,456:INFO:Creating final display dataframe.
2025-05-20 19:49:31,499:INFO:Setup _display_container:                  Description                 Value
0                 Session id                   123
1        Original data shape              (229, 5)
2     Transformed data shape             (229, 21)
3       Categorical features                     5
4   Rows with missing values                 13.1%
5                 Preprocess                  True
6            Imputation type                simple
7         Numeric imputation                  mean
8     Categorical imputation                  mode
9   Maximum one-hot encoding                    -1
10           Encoding method                  None
11                  CPU Jobs                    -1
12                   Use GPU                 False
13            Log Experiment                 False
14           Experiment Name  cluster-default-name
15                       USI                  20ab
2025-05-20 19:49:31,502:WARNING:
'kmodes' is a soft dependency and not included in the pycaret installation. Please run: `pip install kmodes` to install.
Alternately, you can install this by running `pip install pycaret[models]`
2025-05-20 19:49:31,502:WARNING:
'kmodes' is a soft dependency and not included in the pycaret installation. Please run: `pip install kmodes` to install.
Alternately, you can install this by running `pip install pycaret[models]`
2025-05-20 19:49:31,502:INFO:setup() successfully completed in 0.21s...............
2025-05-20 19:49:57,679:INFO:Initializing create_model()
2025-05-20 19:49:57,680:INFO:create_model(self=<pycaret.clustering.oop.ClusteringExperiment object at 0x00000191AB86FE10>, estimator=kmeans, num_clusters=8, fraction=0.05, ground_truth=None, round=4, fit_kwargs=None, experiment_custom_tags=None, verbose=True, system=True, add_to_model_list=True, raise_num_clusters=False, display=None, kwargs={})
2025-05-20 19:49:57,680:INFO:Checking exceptions
2025-05-20 19:49:57,719:INFO:Importing untrained model
2025-05-20 19:49:57,722:INFO:K-Means Clustering Imported successfully
2025-05-20 19:49:57,724:INFO:Fitting Model
2025-05-20 19:49:57,899:WARNING:c:\Users\pwtor\miniconda3\envs\od_zera_do_ai\Lib\site-packages\sklearn\cluster\_kmeans.py:1446: UserWarning: KMeans is known to have a memory leak on Windows with MKL, when there are less chunks than available threads. You can avoid it by setting the environment variable OMP_NUM_THREADS=1.
  warnings.warn(

2025-05-20 19:49:57,924:INFO:KMeans(random_state=123)
2025-05-20 19:49:57,924:INFO:create_models() successfully completed......................................
2025-05-20 19:49:57,928:INFO:Uploading results into container
2025-05-20 19:49:57,929:INFO:Uploading model into container now
2025-05-20 19:49:57,935:INFO:_master_model_container: 1
2025-05-20 19:49:57,935:INFO:_display_container: 2
2025-05-20 19:49:57,936:INFO:KMeans(random_state=123)
2025-05-20 19:49:57,936:INFO:create_model() successfully completed......................................
2025-05-20 19:50:14,100:INFO:Initializing assign_model()
2025-05-20 19:50:14,101:INFO:assign_model(self=<pycaret.clustering.oop.ClusteringExperiment object at 0x00000191AB86FE10>, model=KMeans(random_state=123), transformation=False, score=True, verbose=True)
2025-05-20 19:50:14,101:INFO:Checking exceptions
2025-05-20 19:50:14,101:INFO:Determining Trained Model
2025-05-20 19:50:14,101:INFO:Trained Model : K-Means Clustering
2025-05-20 19:50:14,101:INFO:Copying data
2025-05-20 19:50:14,102:INFO:(229, 6)
2025-05-20 19:50:14,102:INFO:assign_model() successfully completed......................................
2025-05-20 19:50:30,035:INFO:Initializing plot_model()
2025-05-20 19:50:30,035:INFO:plot_model(self=<pycaret.clustering.oop.ClusteringExperiment object at 0x00000191AB86FE10>, estimator=KMeans(random_state=123), plot=cluster, scale=1, save=False, fold=None, fit_kwargs=None, plot_kwargs=None, groups=None, feature_name=None, label=False, verbose=True, system=True, display=None, display_format=None)
2025-05-20 19:50:30,035:INFO:Checking exceptions
2025-05-20 19:50:30,036:INFO:Preloading libraries
2025-05-20 19:50:30,036:INFO:Copying training dataset
2025-05-20 19:50:30,036:INFO:Plot type: cluster
2025-05-20 19:50:30,036:INFO:SubProcess assign_model() called ==================================
2025-05-20 19:50:30,036:INFO:Initializing assign_model()
2025-05-20 19:50:30,036:INFO:assign_model(self=<pycaret.clustering.oop.ClusteringExperiment object at 0x00000191AB86FE10>, model=KMeans(random_state=123), transformation=True, score=True, verbose=False)
2025-05-20 19:50:30,036:INFO:Checking exceptions
2025-05-20 19:50:30,036:INFO:Determining Trained Model
2025-05-20 19:50:30,036:INFO:Trained Model : K-Means Clustering
2025-05-20 19:50:30,036:INFO:Copying data
2025-05-20 19:50:30,067:INFO:Transformation parameter set to True. Assigned clusters are attached on transformed dataset.
2025-05-20 19:50:30,067:INFO:(229, 22)
2025-05-20 19:50:30,067:INFO:assign_model() successfully completed......................................
2025-05-20 19:50:30,067:INFO:SubProcess assign_model() end ==================================
2025-05-20 19:50:30,068:INFO:Fitting PCA()
2025-05-20 19:50:30,073:INFO:Sorting dataframe
2025-05-20 19:50:30,073:INFO:Rendering Visual
2025-05-20 19:50:30,922:INFO:Visual Rendered Successfully
2025-05-20 19:50:30,994:INFO:plot_model() successfully completed......................................
2025-05-20 19:50:51,032:INFO:Initializing save_model()
2025-05-20 19:50:51,033:INFO:save_model(model=KMeans(random_state=123), model_name=welcome_survey_clustering_pipeline_v2, prep_pipe_=Pipeline(memory=FastMemory(location=C:\Users\pwtor\AppData\Local\Temp\joblib),
         steps=[('numerical_imputer',
                 TransformerWrapper(include=[], transformer=SimpleImputer())),
                ('categorical_imputer',
                 TransformerWrapper(include=['age', 'edu_level', 'fav_animals',
                                             'fav_place', 'gender'],
                                    transformer=SimpleImputer(strategy='most_frequent'))),
                ('ordinal_encoding',
                 Trans...
                                    transformer=OrdinalEncoder(cols=['gender'],
                                                               handle_missing='return_nan',
                                                               mapping=[{'col': 'gender',
                                                                         'data_type': dtype('O'),
                                                                         'mapping': Kobieta      0
MÄ™Å¼czyzna    1
NaN         -1
dtype: int64}]))),
                ('onehot_encoding',
                 TransformerWrapper(include=['age', 'edu_level', 'fav_animals',
                                             'fav_place'],
                                    transformer=OneHotEncoder(cols=['age',
                                                                    'edu_level',
                                                                    'fav_animals',
                                                                    'fav_place'],
                                                              handle_missing='return_nan',
                                                              use_cat_names=True)))]), verbose=False, use_case=MLUsecase.CLUSTERING, kwargs={})
2025-05-20 19:50:51,033:INFO:Adding model into prep_pipe
2025-05-20 19:50:51,055:INFO:welcome_survey_clustering_pipeline_v2.pkl saved in current working directory
2025-05-20 19:50:51,065:INFO:Pipeline(memory=Memory(location=None),
         steps=[('numerical_imputer',
                 TransformerWrapper(include=[], transformer=SimpleImputer())),
                ('categorical_imputer',
                 TransformerWrapper(include=['age', 'edu_level', 'fav_animals',
                                             'fav_place', 'gender'],
                                    transformer=SimpleImputer(strategy='most_frequent'))),
                ('ordinal_encoding',
                 TransformerWrapper(include=['gender'],
                                    transfo...
                                                               mapping=[{'col': 'gender',
                                                                         'data_type': dtype('O'),
                                                                         'mapping': Kobieta      0
MÄ™Å¼czyzna    1
NaN         -1
dtype: int64}]))),
                ('onehot_encoding',
                 TransformerWrapper(include=['age', 'edu_level', 'fav_animals',
                                             'fav_place'],
                                    transformer=OneHotEncoder(cols=['age',
                                                                    'edu_level',
                                                                    'fav_animals',
                                                                    'fav_place'],
                                                              handle_missing='return_nan',
                                                              use_cat_names=True))),
                ('trained_model', KMeans(random_state=123))])
2025-05-20 19:50:51,065:INFO:save_model() successfully completed......................................
2025-05-20 19:50:59,735:INFO:Initializing load_model()
2025-05-20 19:50:59,735:INFO:load_model(model_name=welcome_survey_clustering_pipeline_v1, platform=None, authentication=None, verbose=True)
2025-05-20 19:51:10,388:INFO:Initializing load_model()
2025-05-20 19:51:10,390:INFO:load_model(model_name=welcome_survey_clustering_pipeline_v2, platform=None, authentication=None, verbose=True)
2025-05-20 19:51:24,895:INFO:Initializing predict_model()
2025-05-20 19:51:24,895:INFO:predict_model(self=<pycaret.clustering.oop.ClusteringExperiment object at 0x00000191AB86FE10>, estimator=Pipeline(memory=FastMemory(location=C:\Users\pwtor\AppData\Local\Temp\joblib),
         steps=[('numerical_imputer',
                 TransformerWrapper(include=[], transformer=SimpleImputer())),
                ('categorical_imputer',
                 TransformerWrapper(include=['age', 'edu_level', 'fav_animals',
                                             'fav_place', 'gender'],
                                    transformer=SimpleImputer(strategy='most_frequent'))),
                ('ordinal_encoding',
                 Trans...
                                                               mapping=[{'col': 'gender',
                                                                         'data_type': dtype('O'),
                                                                         'mapping': Kobieta      0
MÄ™Å¼czyzna    1
NaN         -1
dtype: int64}]))),
                ('onehot_encoding',
                 TransformerWrapper(include=['age', 'edu_level', 'fav_animals',
                                             'fav_place'],
                                    transformer=OneHotEncoder(cols=['age',
                                                                    'edu_level',
                                                                    'fav_animals',
                                                                    'fav_place'],
                                                              handle_missing='return_nan',
                                                              use_cat_names=True))),
                ('trained_model', KMeans(random_state=123))]), ml_usecase=None)
2025-05-20 19:51:24,895:INFO:Set up data.
2025-05-20 19:53:48,509:WARNING:
'cuml' is a soft dependency and not included in the pycaret installation. Please run: `pip install cuml` to install.
2025-05-20 19:53:48,509:WARNING:
'cuml' is a soft dependency and not included in the pycaret installation. Please run: `pip install cuml` to install.
2025-05-20 19:53:48,509:WARNING:
'cuml' is a soft dependency and not included in the pycaret installation. Please run: `pip install cuml` to install.
2025-05-20 19:53:48,509:WARNING:
'cuml' is a soft dependency and not included in the pycaret installation. Please run: `pip install cuml` to install.
2025-05-20 19:57:50,924:INFO:Initializing load_model()
2025-05-20 19:57:50,925:INFO:load_model(model_name=welcome_survey_clustering_pipeline_v2, platform=None, authentication=None, verbose=True)
2025-05-20 19:59:13,671:INFO:Initializing predict_model()
2025-05-20 19:59:13,671:INFO:predict_model(self=<pycaret.clustering.oop.ClusteringExperiment object at 0x000001DF19319A10>, estimator=Pipeline(memory=Memory(location=None),
         steps=[('numerical_imputer',
                 TransformerWrapper(include=[], transformer=SimpleImputer())),
                ('categorical_imputer',
                 TransformerWrapper(include=['age', 'edu_level', 'fav_animals',
                                             'fav_place', 'gender'],
                                    transformer=SimpleImputer(strategy='most_frequent'))),
                ('ordinal_encoding',
                 TransformerWrapper(include=['gender'],
                                    transfo...
                                                               mapping=[{'col': 'gender',
                                                                         'data_type': dtype('O'),
                                                                         'mapping': Kobieta      0
MÄ™Å¼czyzna    1
NaN         -1
dtype: int64}]))),
                ('onehot_encoding',
                 TransformerWrapper(include=['age', 'edu_level', 'fav_animals',
                                             'fav_place'],
                                    transformer=OneHotEncoder(cols=['age',
                                                                    'edu_level',
                                                                    'fav_animals',
                                                                    'fav_place'],
                                                              handle_missing='return_nan',
                                                              use_cat_names=True))),
                ('trained_model', KMeans(random_state=123))]), ml_usecase=None)
2025-05-20 19:59:13,671:INFO:Set up data.
2025-05-20 20:36:29,473:WARNING:
'cuml' is a soft dependency and not included in the pycaret installation. Please run: `pip install cuml` to install.
2025-05-20 20:36:29,473:WARNING:
'cuml' is a soft dependency and not included in the pycaret installation. Please run: `pip install cuml` to install.
2025-05-20 20:36:29,473:WARNING:
'cuml' is a soft dependency and not included in the pycaret installation. Please run: `pip install cuml` to install.
2025-05-20 20:36:29,473:WARNING:
'cuml' is a soft dependency and not included in the pycaret installation. Please run: `pip install cuml` to install.
2025-05-20 20:36:30,363:INFO:Initializing load_model()
2025-05-20 20:36:30,363:INFO:load_model(model_name=welcome_survey_clustering_pipeline_v2, platform=None, authentication=None, verbose=True)
2025-05-20 20:36:30,433:INFO:Initializing predict_model()
2025-05-20 20:36:30,433:INFO:predict_model(self=<pycaret.clustering.oop.ClusteringExperiment object at 0x00000156F007C250>, estimator=Pipeline(memory=Memory(location=None),
         steps=[('numerical_imputer',
                 TransformerWrapper(include=[], transformer=SimpleImputer())),
                ('categorical_imputer',
                 TransformerWrapper(include=['age', 'edu_level', 'fav_animals',
                                             'fav_place', 'gender'],
                                    transformer=SimpleImputer(strategy='most_frequent'))),
                ('ordinal_encoding',
                 TransformerWrapper(include=['gender'],
                                    transfo...
                                                               mapping=[{'col': 'gender',
                                                                         'data_type': dtype('O'),
                                                                         'mapping': Kobieta      0
Mê¿czyzna    1
NaN         -1
dtype: int64}]))),
                ('onehot_encoding',
                 TransformerWrapper(include=['age', 'edu_level', 'fav_animals',
                                             'fav_place'],
                                    transformer=OneHotEncoder(cols=['age',
                                                                    'edu_level',
                                                                    'fav_animals',
                                                                    'fav_place'],
                                                              handle_missing='return_nan',
                                                              use_cat_names=True))),
                ('trained_model', KMeans(random_state=123))]), ml_usecase=None)
2025-05-20 20:36:30,433:INFO:Set up data.
2025-05-20 20:36:30,521:INFO:Initializing predict_model()
2025-05-20 20:36:30,521:INFO:predict_model(self=<pycaret.clustering.oop.ClusteringExperiment object at 0x00000156F0435810>, estimator=Pipeline(memory=Memory(location=None),
         steps=[('numerical_imputer',
                 TransformerWrapper(include=[], transformer=SimpleImputer())),
                ('categorical_imputer',
                 TransformerWrapper(include=['age', 'edu_level', 'fav_animals',
                                             'fav_place', 'gender'],
                                    transformer=SimpleImputer(strategy='most_frequent'))),
                ('ordinal_encoding',
                 TransformerWrapper(include=['gender'],
                                    transfo...
                                                               mapping=[{'col': 'gender',
                                                                         'data_type': dtype('O'),
                                                                         'mapping': Kobieta      0
Mê¿czyzna    1
NaN         -1
dtype: int64}]))),
                ('onehot_encoding',
                 TransformerWrapper(include=['age', 'edu_level', 'fav_animals',
                                             'fav_place'],
                                    transformer=OneHotEncoder(cols=['age',
                                                                    'edu_level',
                                                                    'fav_animals',
                                                                    'fav_place'],
                                                              handle_missing='return_nan',
                                                              use_cat_names=True))),
                ('trained_model', KMeans(random_state=123))]), ml_usecase=None)
2025-05-20 20:36:30,521:INFO:Set up data.
2025-05-20 20:36:41,600:INFO:Initializing predict_model()
2025-05-20 20:36:41,600:INFO:predict_model(self=<pycaret.clustering.oop.ClusteringExperiment object at 0x00000156E5792B10>, estimator=Pipeline(memory=Memory(location=None),
         steps=[('numerical_imputer',
                 TransformerWrapper(include=[], transformer=SimpleImputer())),
                ('categorical_imputer',
                 TransformerWrapper(include=['age', 'edu_level', 'fav_animals',
                                             'fav_place', 'gender'],
                                    transformer=SimpleImputer(strategy='most_frequent'))),
                ('ordinal_encoding',
                 TransformerWrapper(include=['gender'],
                                    transfo...
                                                               mapping=[{'col': 'gender',
                                                                         'data_type': dtype('O'),
                                                                         'mapping': Kobieta      0
Mê¿czyzna    1
NaN         -1
dtype: int64}]))),
                ('onehot_encoding',
                 TransformerWrapper(include=['age', 'edu_level', 'fav_animals',
                                             'fav_place'],
                                    transformer=OneHotEncoder(cols=['age',
                                                                    'edu_level',
                                                                    'fav_animals',
                                                                    'fav_place'],
                                                              handle_missing='return_nan',
                                                              use_cat_names=True))),
                ('trained_model', KMeans(random_state=123))]), ml_usecase=None)
2025-05-20 20:36:41,600:INFO:Set up data.
2025-05-20 20:36:46,659:INFO:Initializing predict_model()
2025-05-20 20:36:46,659:INFO:predict_model(self=<pycaret.clustering.oop.ClusteringExperiment object at 0x00000156F0E4F710>, estimator=Pipeline(memory=Memory(location=None),
         steps=[('numerical_imputer',
                 TransformerWrapper(include=[], transformer=SimpleImputer())),
                ('categorical_imputer',
                 TransformerWrapper(include=['age', 'edu_level', 'fav_animals',
                                             'fav_place', 'gender'],
                                    transformer=SimpleImputer(strategy='most_frequent'))),
                ('ordinal_encoding',
                 TransformerWrapper(include=['gender'],
                                    transfo...
                                                               mapping=[{'col': 'gender',
                                                                         'data_type': dtype('O'),
                                                                         'mapping': Kobieta      0
Mê¿czyzna    1
NaN         -1
dtype: int64}]))),
                ('onehot_encoding',
                 TransformerWrapper(include=['age', 'edu_level', 'fav_animals',
                                             'fav_place'],
                                    transformer=OneHotEncoder(cols=['age',
                                                                    'edu_level',
                                                                    'fav_animals',
                                                                    'fav_place'],
                                                              handle_missing='return_nan',
                                                              use_cat_names=True))),
                ('trained_model', KMeans(random_state=123))]), ml_usecase=None)
2025-05-20 20:36:46,659:INFO:Set up data.
2025-05-20 20:36:51,411:INFO:Initializing predict_model()
2025-05-20 20:36:51,411:INFO:predict_model(self=<pycaret.clustering.oop.ClusteringExperiment object at 0x00000156F0E36150>, estimator=Pipeline(memory=Memory(location=None),
         steps=[('numerical_imputer',
                 TransformerWrapper(include=[], transformer=SimpleImputer())),
                ('categorical_imputer',
                 TransformerWrapper(include=['age', 'edu_level', 'fav_animals',
                                             'fav_place', 'gender'],
                                    transformer=SimpleImputer(strategy='most_frequent'))),
                ('ordinal_encoding',
                 TransformerWrapper(include=['gender'],
                                    transfo...
                                                               mapping=[{'col': 'gender',
                                                                         'data_type': dtype('O'),
                                                                         'mapping': Kobieta      0
Mê¿czyzna    1
NaN         -1
dtype: int64}]))),
                ('onehot_encoding',
                 TransformerWrapper(include=['age', 'edu_level', 'fav_animals',
                                             'fav_place'],
                                    transformer=OneHotEncoder(cols=['age',
                                                                    'edu_level',
                                                                    'fav_animals',
                                                                    'fav_place'],
                                                              handle_missing='return_nan',
                                                              use_cat_names=True))),
                ('trained_model', KMeans(random_state=123))]), ml_usecase=None)
2025-05-20 20:36:51,411:INFO:Set up data.
2025-05-20 20:36:53,892:INFO:Initializing predict_model()
2025-05-20 20:36:53,892:INFO:predict_model(self=<pycaret.clustering.oop.ClusteringExperiment object at 0x00000156F0087790>, estimator=Pipeline(memory=Memory(location=None),
         steps=[('numerical_imputer',
                 TransformerWrapper(include=[], transformer=SimpleImputer())),
                ('categorical_imputer',
                 TransformerWrapper(include=['age', 'edu_level', 'fav_animals',
                                             'fav_place', 'gender'],
                                    transformer=SimpleImputer(strategy='most_frequent'))),
                ('ordinal_encoding',
                 TransformerWrapper(include=['gender'],
                                    transfo...
                                                               mapping=[{'col': 'gender',
                                                                         'data_type': dtype('O'),
                                                                         'mapping': Kobieta      0
Mê¿czyzna    1
NaN         -1
dtype: int64}]))),
                ('onehot_encoding',
                 TransformerWrapper(include=['age', 'edu_level', 'fav_animals',
                                             'fav_place'],
                                    transformer=OneHotEncoder(cols=['age',
                                                                    'edu_level',
                                                                    'fav_animals',
                                                                    'fav_place'],
                                                              handle_missing='return_nan',
                                                              use_cat_names=True))),
                ('trained_model', KMeans(random_state=123))]), ml_usecase=None)
2025-05-20 20:36:53,892:INFO:Set up data.
